<?xml version="1.0" encoding="UTF-8"?>
<!-- Generated by org.testng.reporters.JUnitReportReporter -->
<testsuite skipped="0" hostname="dashree-PC" name="com.demo.demo1" tests="1" failures="0" timestamp="02 Sep 2018 17:34:25 GMT" time="0.104" errors="0">
  <testcase name="loggerTest" time="0.104" classname="com.demo.demo1"/>
</testsuite> <!-- com.demo.demo1 -->
