<?xml version="1.0" encoding="UTF-8"?>
<!-- Generated by org.testng.reporters.JUnitReportReporter -->
<testsuite skipped="0" hostname="dashree-PC" name="com.tests.demo.GetIssueTest" tests="1" failures="0" timestamp="03 Sep 2018 07:25:50 GMT" time="2.018" errors="0">
  <testcase name="getIssue" time="2.018" classname="com.tests.demo.GetIssueTest"/>
</testsuite> <!-- com.tests.demo.GetIssueTest -->
