<?xml version="1.0" encoding="UTF-8"?>
<!-- Generated by org.testng.reporters.JUnitReportReporter -->
<testsuite skipped="0" hostname="dashree-PC" name="com.tests.demo.CreateAndDeleteIssueTest" tests="1" failures="0" timestamp="03 Sep 2018 07:25:50 GMT" time="0.771" errors="0">
  <testcase name="createAndDeleteIssue" time="0.771" classname="com.tests.demo.CreateAndDeleteIssueTest"/>
</testsuite> <!-- com.tests.demo.CreateAndDeleteIssueTest -->
