<?xml version="1.0" encoding="UTF-8"?>
<!-- Generated by org.testng.reporters.JUnitReportReporter -->
<testsuite skipped="0" hostname="dashree-PC" name="com.tests.demo.GetIssue" tests="1" failures="0" timestamp="29 Aug 2018 09:26:25 GMT" time="3.672" errors="0">
  <testcase name="getIssue" time="3.672" classname="com.tests.demo.GetIssue"/>
</testsuite> <!-- com.tests.demo.GetIssue -->
