<?xml version="1.0" encoding="UTF-8"?>
<!-- Generated by org.testng.reporters.JUnitReportReporter -->
<testsuite skipped="0" hostname="dashree-PC" name="com.tests.demo.CreateAndDeleteIssue" tests="1" failures="0" timestamp="29 Aug 2018 07:08:11 GMT" time="26.805" errors="0">
  <testcase name="createAndDeleteIssue" time="26.805" classname="com.tests.demo.CreateAndDeleteIssue"/>
</testsuite> <!-- com.tests.demo.CreateAndDeleteIssue -->
