<?xml version="1.0" encoding="UTF-8"?>
<!-- Generated by org.testng.reporters.JUnitReportReporter -->
<testsuite skipped="0" hostname="dashree-PC" name="com.tests.demo.CreateIssueAndComment" tests="1" failures="0" timestamp="28 Aug 2018 13:09:09 GMT" time="8.120" errors="0">
  <testcase name="createIssueAndComment" time="8.120" classname="com.tests.demo.CreateIssueAndComment"/>
</testsuite> <!-- com.tests.demo.CreateIssueAndComment -->
