<?xml version="1.0" encoding="UTF-8"?>
<!-- Generated by org.testng.reporters.JUnitReportReporter -->
<testsuite skipped="0" hostname="dashree-PC" name="com.tests.demo.UpdateComment" tests="1" failures="0" timestamp="30 Aug 2018 13:41:14 GMT" time="3.558" errors="0">
  <testcase name="updateComment" time="3.558" classname="com.tests.demo.UpdateComment"/>
</testsuite> <!-- com.tests.demo.UpdateComment -->
