<?xml version="1.0" encoding="UTF-8"?>
<!-- Generated by org.testng.reporters.JUnitReportReporter -->
<testsuite skipped="0" hostname="dashree-PC" name="com.tests.demo.Assign" tests="1" failures="0" timestamp="29 Aug 2018 09:51:00 GMT" time="5.413" errors="0">
  <testcase name="assign" time="5.413" classname="com.tests.demo.Assign"/>
</testsuite> <!-- com.tests.demo.Assign -->
