<?xml version="1.0" encoding="UTF-8"?>
<!-- Generated by org.testng.reporters.JUnitReportReporter -->
<testsuite skipped="0" hostname="dashree-PC" name="com.tests.demo.UpdateCommentTest" tests="1" failures="0" timestamp="03 Sep 2018 07:25:50 GMT" time="0.815" errors="0">
  <testcase name="updateComment" time="0.815" classname="com.tests.demo.UpdateCommentTest"/>
</testsuite> <!-- com.tests.demo.UpdateCommentTest -->
