<?xml version="1.0" encoding="UTF-8"?>
<!-- Generated by org.testng.reporters.JUnitReportReporter -->
<testsuite skipped="0" hostname="dashree-PC" name="com.tests.demo.CreateIssue" tests="1" failures="0" timestamp="28 Aug 2018 12:13:23 GMT" time="4.358" errors="0">
  <testcase name="demoOneTest" time="4.358" classname="com.tests.demo.CreateIssue"/>
</testsuite> <!-- com.tests.demo.CreateIssue -->
