<?xml version="1.0" encoding="UTF-8"?>
<!-- Generated by org.testng.reporters.JUnitReportReporter -->
<testsuite skipped="0" hostname="dashree-PC" name="com.tests.demo.Demo_01" tests="1" failures="0" timestamp="28 Aug 2018 08:58:39 GMT" time="3.096" errors="0">
  <testcase name="demoOneTest" time="3.096" classname="com.tests.demo.Demo_01"/>
</testsuite> <!-- com.tests.demo.Demo_01 -->
