<?xml version="1.0" encoding="UTF-8"?>
<!-- Generated by org.testng.reporters.JUnitReportReporter -->
<testsuite skipped="0" hostname="dashree-PC" name="com.tests.demo.CreateIssueTest" tests="1" failures="0" timestamp="03 Sep 2018 07:25:50 GMT" time="5.024" errors="0">
  <testcase name="createIssue" time="5.024" classname="com.tests.demo.CreateIssueTest"/>
</testsuite> <!-- com.tests.demo.CreateIssueTest -->
